<?xml version="1.0" encoding="UTF-8"?>
<testng-results skipped="0" failed="1" total="1" passed="0">
  <reporter-output>
    <line>
      <![CDATA[**************************************** Session Started *****************************************]]>
    </line>
    <line>
      <![CDATA[Browser is: CHROME]]>
    </line>
    <line>
      <![CDATA[Product URL: https://www.amazon.ca/]]>
    </line>
    <line>
      <![CDATA[*************************************** Session Closed **************************************]]>
    </line>
  </reporter-output>
  <suite name="Default suite" duration-ms="8166" started-at="2022-08-12T09:04:34Z" finished-at="2022-08-12T09:04:42Z">
    <groups>
      <group name="cucumber">
        <method signature="AbstractTestNGCucumberTests.runScenario(io.cucumber.testng.PickleWrapper, io.cucumber.testng.FeatureWrapper)[pri:0, instance:com.td.Runner.TestRunner@57baeedf]" name="runScenario" class="io.cucumber.testng.AbstractTestNGCucumberTests"/>
      </group> <!-- cucumber -->
    </groups>
    <test name="Default test" duration-ms="8166" started-at="2022-08-12T09:04:34Z" finished-at="2022-08-12T09:04:42Z">
      <class name="com.td.Runner.TestRunner">
        <test-method status="PASS" signature="setUpClass()[pri:0, instance:com.td.Runner.TestRunner@57baeedf]" name="setUpClass" is-config="true" duration-ms="818" started-at="2022-08-12T05:04:34Z" finished-at="2022-08-12T05:04:35Z">
          <reporter-output>
          </reporter-output>
        </test-method> <!-- setUpClass -->
        <test-method status="PASS" signature="initiateSession()[pri:0, instance:com.td.Runner.TestRunner@57baeedf]" name="initiateSession" is-config="true" duration-ms="0" started-at="2022-08-12T05:04:35Z" finished-at="2022-08-12T05:04:35Z">
          <reporter-output>
          </reporter-output>
        </test-method> <!-- initiateSession -->
        <test-method status="FAIL" signature="runScenario(io.cucumber.testng.PickleWrapper, io.cucumber.testng.FeatureWrapper)[pri:0, instance:com.td.Runner.TestRunner@57baeedf]" name="runScenario" duration-ms="7093" started-at="2022-08-12T05:04:35Z" description="Runs Cucumber Scenarios" data-provider="scenarios" finished-at="2022-08-12T05:04:42Z">
          <params>
            <param index="0">
              <value>
                <![CDATA["a new customer should see the email address or mobile phone number prompt after clicking buy now on a product"]]>
              </value>
            </param>
            <param index="1">
              <value>
                <![CDATA["Optional[Smoke test scenarios]"]]>
              </value>
            </param>
          </params>
          <exception class="org.openqa.selenium.NoSuchElementException">
            <message>
              <![CDATA[no such element: Unable to locate element: {"method":"xpath","selector":"//i[@class='hm-icon nav-sprite']"}
  (Session info: chrome=104.0.5112.81)
For documentation on this error, please visit: https://www.seleniumhq.org/exceptions/no_such_element.html
Build info: version: '3.141.59', revision: 'e82be7d358', time: '2018-11-14T08:17:03'
System info: host: 'ROHITKUMAR-PC', ip: '192.168.50.93', os.name: 'Windows 7', os.arch: 'amd64', os.version: '6.1', java.version: '1.8.0_181'
Driver info: org.openqa.selenium.chrome.ChromeDriver
Capabilities {acceptInsecureCerts: false, browserName: chrome, browserVersion: 104.0.5112.81, chrome: {chromedriverVersion: 103.0.5060.134 (8ec6fce403b..., userDataDir: C:\Users\ROHITK~1\AppData\L...}, goog:chromeOptions: {debuggerAddress: localhost:51187}, javascriptEnabled: true, networkConnectionEnabled: false, pageLoadStrategy: normal, platform: WINDOWS, platformName: WINDOWS, proxy: Proxy(), setWindowRect: true, strictFileInteractability: false, timeouts: {implicit: 0, pageLoad: 300000, script: 30000}, unhandledPromptBehavior: dismiss and notify, webauthn:extension:credBlob: true, webauthn:extension:largeBlob: true, webauthn:virtualAuthenticators: true}
Session ID: 42de200c5ffce00fa5f9f66f245e6c8e
*** Element info: {Using=xpath, value=//i[@class='hm-icon nav-sprite']}]]>
            </message>
            <full-stacktrace>
              <![CDATA[org.openqa.selenium.NoSuchElementException: no such element: Unable to locate element: {"method":"xpath","selector":"//i[@class='hm-icon nav-sprite']"}
  (Session info: chrome=104.0.5112.81)
For documentation on this error, please visit: https://www.seleniumhq.org/exceptions/no_such_element.html
Build info: version: '3.141.59', revision: 'e82be7d358', time: '2018-11-14T08:17:03'
System info: host: 'ROHITKUMAR-PC', ip: '192.168.50.93', os.name: 'Windows 7', os.arch: 'amd64', os.version: '6.1', java.version: '1.8.0_181'
Driver info: org.openqa.selenium.chrome.ChromeDriver
Capabilities {acceptInsecureCerts: false, browserName: chrome, browserVersion: 104.0.5112.81, chrome: {chromedriverVersion: 103.0.5060.134 (8ec6fce403b..., userDataDir: C:\Users\ROHITK~1\AppData\L...}, goog:chromeOptions: {debuggerAddress: localhost:51187}, javascriptEnabled: true, networkConnectionEnabled: false, pageLoadStrategy: normal, platform: WINDOWS, platformName: WINDOWS, proxy: Proxy(), setWindowRect: true, strictFileInteractability: false, timeouts: {implicit: 0, pageLoad: 300000, script: 30000}, unhandledPromptBehavior: dismiss and notify, webauthn:extension:credBlob: true, webauthn:extension:largeBlob: true, webauthn:virtualAuthenticators: true}
Session ID: 42de200c5ffce00fa5f9f66f245e6c8e
*** Element info: {Using=xpath, value=//i[@class='hm-icon nav-sprite']}
	at sun.reflect.NativeConstructorAccessorImpl.newInstance0(Native Method)
	at sun.reflect.NativeConstructorAccessorImpl.newInstance(NativeConstructorAccessorImpl.java:62)
	at sun.reflect.DelegatingConstructorAccessorImpl.newInstance(DelegatingConstructorAccessorImpl.java:45)
	at java.lang.reflect.Constructor.newInstance(Constructor.java:423)
	at org.openqa.selenium.remote.http.W3CHttpResponseCodec.createException(W3CHttpResponseCodec.java:187)
	at org.openqa.selenium.remote.http.W3CHttpResponseCodec.decode(W3CHttpResponseCodec.java:122)
	at org.openqa.selenium.remote.http.W3CHttpResponseCodec.decode(W3CHttpResponseCodec.java:49)
	at org.openqa.selenium.remote.HttpCommandExecutor.execute(HttpCommandExecutor.java:158)
	at org.openqa.selenium.remote.service.DriverCommandExecutor.execute(DriverCommandExecutor.java:83)
	at org.openqa.selenium.remote.RemoteWebDriver.execute(RemoteWebDriver.java:552)
	at org.openqa.selenium.remote.RemoteWebDriver.findElement(RemoteWebDriver.java:323)
	at org.openqa.selenium.remote.RemoteWebDriver.findElementByXPath(RemoteWebDriver.java:428)
	at org.openqa.selenium.By$ByXPath.findElement(By.java:353)
	at org.openqa.selenium.remote.RemoteWebDriver.findElement(RemoteWebDriver.java:315)
	at com.td.Utils.BaseFunctions.element(BaseFunctions.java:99)
	at com.td.PageActions.AmazonPageAction.getHamburgerMenuButton(AmazonPageAction.java:28)
	at com.td.PageActions.AmazonPageAction.clickHamburgerMenu(AmazonPageAction.java:41)
	at com.td.StepDefs.AmazonPageStepDef.buyNowKindleReader(AmazonPageStepDef.java:23)
	at ?.search for kindle reader(file:///C:/Users/Rohit%20Kumar/Documents/Java/TDCucumberAssignment/src/test/resources/FeatureFiles/Smoke.feature:6)
]]>
            </full-stacktrace>
          </exception> <!-- org.openqa.selenium.NoSuchElementException -->
          <reporter-output>
            <line>
              <![CDATA[**************************************** Session Started *****************************************]]>
            </line>
            <line>
              <![CDATA[Browser is: CHROME]]>
            </line>
            <line>
              <![CDATA[Product URL: https://www.amazon.ca/]]>
            </line>
            <line>
              <![CDATA[*************************************** Session Closed **************************************]]>
            </line>
          </reporter-output>
        </test-method> <!-- runScenario -->
        <test-method status="PASS" signature="closeSession()[pri:0, instance:com.td.Runner.TestRunner@57baeedf]" name="closeSession" is-config="true" duration-ms="1" started-at="2022-08-12T05:04:42Z" finished-at="2022-08-12T05:04:42Z">
          <reporter-output>
          </reporter-output>
        </test-method> <!-- closeSession -->
        <test-method status="PASS" signature="tearDownClass()[pri:0, instance:com.td.Runner.TestRunner@57baeedf]" name="tearDownClass" is-config="true" duration-ms="231" started-at="2022-08-12T05:04:42Z" finished-at="2022-08-12T05:04:42Z">
          <reporter-output>
          </reporter-output>
        </test-method> <!-- tearDownClass -->
      </class> <!-- com.td.Runner.TestRunner -->
    </test> <!-- Default test -->
  </suite> <!-- Default suite -->
</testng-results>
